<?xml version="1.0" encoding="UTF-8"?>
<!-- Generated by org.testng.reporters.JUnitXMLReporter -->
<testsuite ignored="0" hostname="nimbusclient" failures="0" tests="4" name="TestNGAdderMaven" time="0.147" errors="0" timestamp="2025-02-11T08:41:59 UTC">
  <testcase classname="AdderTest" name="testAddNumber" time="0.022"/>
  <testcase classname="AdderTest" name="testAddNumber" time="0.01"/>
  <testcase classname="AdderTest" name="testAddNumber" time="0.0"/>
  <testcase classname="AdderTest" name="testInitialConstructor" time="0.001"/>
</testsuite> <!-- TestNGAdderMaven -->
