<?xml version="1.0" encoding="UTF-8"?>
<testng-results ignored="0" total="4" passed="4" failed="0" skipped="0">
  <reporter-output>
  </reporter-output>
  <suite started-at="2025-02-11T08:41:59 UTC" name="Default Suite" finished-at="2025-02-11T08:41:59 UTC" duration-ms="147">
    <groups>
    </groups>
    <test started-at="2025-02-11T08:41:59 UTC" name="TestNGAdderMaven" finished-at="2025-02-11T08:41:59 UTC" duration-ms="147">
      <class name="AdderTest">
        <test-method signature="testAddNumber(double, double, double)[pri:0, instance:AdderTest@2698dc7]" started-at="2025-02-11T08:41:59 UTC" name="testAddNumber" data-provider="NumberTests" finished-at="2025-02-11T08:41:59 UTC" duration-ms="22" status="PASS">
          <params>
            <param index="0">
              <value>
                <![CDATA[0.0]]>
              </value>
            </param>
            <param index="1">
              <value>
                <![CDATA[0.0]]>
              </value>
            </param>
            <param index="2">
              <value>
                <![CDATA[0.0]]>
              </value>
            </param>
          </params>
          <reporter-output>
          </reporter-output>
        </test-method> <!-- testAddNumber -->
        <test-method signature="testAddNumber(double, double, double)[pri:0, instance:AdderTest@2698dc7]" started-at="2025-02-11T08:41:59 UTC" name="testAddNumber" data-provider="NumberTests" finished-at="2025-02-11T08:41:59 UTC" duration-ms="10" status="PASS">
          <params>
            <param index="0">
              <value>
                <![CDATA[0.0]]>
              </value>
            </param>
            <param index="1">
              <value>
                <![CDATA[1.0]]>
              </value>
            </param>
            <param index="2">
              <value>
                <![CDATA[1.0]]>
              </value>
            </param>
          </params>
          <reporter-output>
          </reporter-output>
        </test-method> <!-- testAddNumber -->
        <test-method signature="testAddNumber(double, double, double)[pri:0, instance:AdderTest@2698dc7]" started-at="2025-02-11T08:41:59 UTC" name="testAddNumber" data-provider="NumberTests" finished-at="2025-02-11T08:41:59 UTC" duration-ms="0" status="PASS">
          <params>
            <param index="0">
              <value>
                <![CDATA[100.5]]>
              </value>
            </param>
            <param index="1">
              <value>
                <![CDATA[0.5]]>
              </value>
            </param>
            <param index="2">
              <value>
                <![CDATA[101.0]]>
              </value>
            </param>
          </params>
          <reporter-output>
          </reporter-output>
        </test-method> <!-- testAddNumber -->
        <test-method signature="testInitialConstructor()[pri:0, instance:AdderTest@2698dc7]" started-at="2025-02-11T08:41:59 UTC" name="testInitialConstructor" finished-at="2025-02-11T08:41:59 UTC" duration-ms="1" status="PASS">
          <reporter-output>
          </reporter-output>
        </test-method> <!-- testInitialConstructor -->
      </class> <!-- AdderTest -->
    </test> <!-- TestNGAdderMaven -->
  </suite> <!-- Default Suite -->
</testng-results>
